
                    Simulation Report

Simulation ended at time 5013.0693
Statistics collected from instant 0.0 during 5013.0693 time units.

          Observers' report
----------------------------------------------------------------------

Report from observer q9 Observer 10
Statistics summary:
Queue length:
Average: 0.0 StdDev: 0.0 Variance: 0.0
 Minimum: 0.0 Maximum: 0.0 Observations: 26
----------------------------------------------------------------------
----------------------------------------------------------------------

Report from observer Release planning Observer 1
Statistics summary:
Active state idle time (or inter-arrival time for Generate states):
Average: 121.12501 StdDev: 0.0 Variance: 0.0
 Minimum: 3.4028235E38 Maximum: 121.12501 Observations: 1
----------------------------------------------------------------------
----------------------------------------------------------------------

Report from observer Working software Observer 1
Statistics summary:
Active state idle time (or inter-arrival time for Generate states):
Average: 190.43481 StdDev: 183.64854 Variance: 33726.79
 Minimum: 104.28906 Maximum: 1081.123 Observations: 26
----------------------------------------------------------------------
----------------------------------------------------------------------

Report from observer q0 Observer 1
Statistics summary:
Queue length:
Average: 0.024161248 StdDev: 0.1387958 Variance: 0.019264273
 Minimum: 0.0 Maximum: 1.0 Observations: 33
----------------------------------------------------------------------
----------------------------------------------------------------------

Report from observer q10 Observer 11
Statistics summary:
Queue length:
Average: 0.0 StdDev: 0.0 Variance: 0.0
 Minimum: 0.0 Maximum: 0.0 Observations: 26
----------------------------------------------------------------------
----------------------------------------------------------------------

Report from observer q2 Observer 3
Statistics summary:
Queue length:
Average: 0.0 StdDev: 0.0 Variance: 0.0
 Minimum: 0.0 Maximum: 0.0 Observations: 33
----------------------------------------------------------------------
----------------------------------------------------------------------

Report from observer q5 Observer 6
Statistics summary:
Queue length:
Average: 0.0 StdDev: 0.0 Variance: 0.0
 Minimum: 0.0 Maximum: 0.0 Observations: 29
----------------------------------------------------------------------
----------------------------------------------------------------------

Report from observer Planning & development Observer 1
Statistics summary:
Active state idle time (or inter-arrival time for Generate states):
Average: NaN StdDev: 0.0 Variance: 0.0
 Minimum: 3.4028235E38 Maximum: 0.0 Observations: 0
----------------------------------------------------------------------
----------------------------------------------------------------------

Report from observer Iteration Observer 1
Statistics summary:
Active state idle time (or inter-arrival time for Generate states):
Average: NaN StdDev: 0.0 Variance: 0.0
 Minimum: 3.4028235E38 Maximum: 0.0 Observations: 0
----------------------------------------------------------------------
----------------------------------------------------------------------

Report from observer q7 Observer 8
Statistics summary:
Queue length:
Average: 0.0 StdDev: 0.0 Variance: 0.0
 Minimum: 0.0 Maximum: 0.0 Observations: 26
----------------------------------------------------------------------
----------------------------------------------------------------------

Report from observer Pair programming with test driven development Observer 1
Statistics summary:
Active state idle time (or inter-arrival time for Generate states):
Average: 601.124 StdDev: 0.0 Variance: 0.0
 Minimum: 3.4028235E38 Maximum: 601.124 Observations: 1
----------------------------------------------------------------------
----------------------------------------------------------------------

Report from observer q8 Observer 9
Statistics summary:
Queue length:
Average: 0.0 StdDev: 0.0 Variance: 0.0
 Minimum: 0.0 Maximum: 0.0 Observations: 26
----------------------------------------------------------------------
----------------------------------------------------------------------

Report from observer Software production Observer 1
Statistics summary:
Active state idle time (or inter-arrival time for Generate states):
Average: NaN StdDev: 0.0 Variance: 0.0
 Minimum: 3.4028235E38 Maximum: 0.0 Observations: 0
----------------------------------------------------------------------
----------------------------------------------------------------------

Report from observer Customer queue Observer 1
Statistics summary:
Number of resources permanencing in queue:
Average: 12.911941 StdDev: 6.886024 Variance: 47.417324
 Minimum: 3.4028235E38 Maximum: 29.0 Observations: 29
----------------------------------------------------------------------
----------------------------------------------------------------------

Report from observer q1 Observer 2
Statistics summary:
Queue length:
Average: 0.0 StdDev: 0.0 Variance: 0.0
 Minimum: 0.0 Maximum: 0.0 Observations: 33
----------------------------------------------------------------------
----------------------------------------------------------------------

Report from observer q3 Observer 4
Statistics summary:
Queue length:
Average: 0.0 StdDev: 0.0 Variance: 0.0
 Minimum: 0.0 Maximum: 0.0 Observations: 33
----------------------------------------------------------------------
----------------------------------------------------------------------

Report from observer q4 Observer 5
Statistics summary:
Queue length:
Average: 0.0 StdDev: 0.0 Variance: 0.0
 Minimum: 0.0 Maximum: 0.0 Observations: 29
----------------------------------------------------------------------
----------------------------------------------------------------------

Report from observer Release Observer 1
Statistics summary:
Active state idle time (or inter-arrival time for Generate states):
Average: NaN StdDev: 0.0 Variance: 0.0
 Minimum: 3.4028235E38 Maximum: 0.0 Observations: 0
----------------------------------------------------------------------
----------------------------------------------------------------------

Report from observer q6 Observer 7
Statistics summary:
Queue length:
Average: 0.0 StdDev: 0.0 Variance: 0.0
 Minimum: 0.0 Maximum: 0.0 Observations: 26
----------------------------------------------------------------------
----------------------------------------------------------------------

Report from observer Developer queue Observer 1
Statistics summary:
Number of resources permanencing in queue:
Average: 23.340286 StdDev: 17.875076 Variance: 319.5183
 Minimum: 3.4028235E38 Maximum: 55.0 Observations: 55
----------------------------------------------------------------------
----------------------------------------------------------------------

Report from observer q11 Observer 12
Statistics summary:
Queue length:
Average: 0.0 StdDev: 0.0 Variance: 0.0
 Minimum: 0.0 Maximum: 0.0 Observations: 26
----------------------------------------------------------------------

          Histograms' report

Simulation Report End
