
                    Simulation Report

Simulation ended at time 5019.537
Statistics collected from instant 0.0 during 5019.537 time units.

          Observers' report
----------------------------------------------------------------------

Report from observer q9 Observer 10
Statistics summary:
Queue length:
Average: 0.0 StdDev: 0.0 Variance: 0.0
 Minimum: 0.0 Maximum: 0.0 Observations: 29
----------------------------------------------------------------------
----------------------------------------------------------------------

Report from observer Release planning Observer 1
Statistics summary:
Active state idle time (or inter-arrival time for Generate states):
Average: 188.216 StdDev: 0.0 Variance: 0.0
 Minimum: 3.4028235E38 Maximum: 188.216 Observations: 1
----------------------------------------------------------------------
----------------------------------------------------------------------

Report from observer Working software Observer 1
Statistics summary:
Active state idle time (or inter-arrival time for Generate states):
Average: 169.53049 StdDev: 189.86784 Variance: 36049.8
 Minimum: 101.586914 Maximum: 1148.217 Observations: 29
----------------------------------------------------------------------
----------------------------------------------------------------------

Report from observer q0 Observer 1
Statistics summary:
Queue length:
Average: 0.037496686 StdDev: 0.22183341 Variance: 0.049210057
 Minimum: 0.0 Maximum: 1.0 Observations: 35
----------------------------------------------------------------------
----------------------------------------------------------------------

Report from observer q10 Observer 11
Statistics summary:
Queue length:
Average: 0.0 StdDev: 0.0 Variance: 0.0
 Minimum: 0.0 Maximum: 0.0 Observations: 29
----------------------------------------------------------------------
----------------------------------------------------------------------

Report from observer q2 Observer 3
Statistics summary:
Queue length:
Average: 0.0 StdDev: 0.0 Variance: 0.0
 Minimum: 0.0 Maximum: 0.0 Observations: 35
----------------------------------------------------------------------
----------------------------------------------------------------------

Report from observer q5 Observer 6
Statistics summary:
Queue length:
Average: 0.0 StdDev: 0.0 Variance: 0.0
 Minimum: 0.0 Maximum: 0.0 Observations: 32
----------------------------------------------------------------------
----------------------------------------------------------------------

Report from observer Planning & development Observer 1
Statistics summary:
Active state idle time (or inter-arrival time for Generate states):
Average: NaN StdDev: 0.0 Variance: 0.0
 Minimum: 3.4028235E38 Maximum: 0.0 Observations: 0
----------------------------------------------------------------------
----------------------------------------------------------------------

Report from observer Iteration Observer 1
Statistics summary:
Active state idle time (or inter-arrival time for Generate states):
Average: NaN StdDev: 0.0 Variance: 0.0
 Minimum: 3.4028235E38 Maximum: 0.0 Observations: 0
----------------------------------------------------------------------
----------------------------------------------------------------------

Report from observer q7 Observer 8
Statistics summary:
Queue length:
Average: 0.0 StdDev: 0.0 Variance: 0.0
 Minimum: 0.0 Maximum: 0.0 Observations: 29
----------------------------------------------------------------------
----------------------------------------------------------------------

Report from observer Pair programming with test driven development Observer 1
Statistics summary:
Active state idle time (or inter-arrival time for Generate states):
Average: 668.215 StdDev: 0.0 Variance: 0.0
 Minimum: 3.4028235E38 Maximum: 668.215 Observations: 1
----------------------------------------------------------------------
----------------------------------------------------------------------

Report from observer q8 Observer 9
Statistics summary:
Queue length:
Average: 0.0 StdDev: 0.0 Variance: 0.0
 Minimum: 0.0 Maximum: 0.0 Observations: 29
----------------------------------------------------------------------
----------------------------------------------------------------------

Report from observer Software production Observer 1
Statistics summary:
Active state idle time (or inter-arrival time for Generate states):
Average: NaN StdDev: 0.0 Variance: 0.0
 Minimum: 3.4028235E38 Maximum: 0.0 Observations: 0
----------------------------------------------------------------------
----------------------------------------------------------------------

Report from observer Customer queue Observer 1
Statistics summary:
Number of resources permanencing in queue:
Average: 14.638677 StdDev: 8.829291 Variance: 77.9564
 Minimum: 3.4028235E38 Maximum: 32.0 Observations: 32
----------------------------------------------------------------------
----------------------------------------------------------------------

Report from observer q1 Observer 2
Statistics summary:
Queue length:
Average: 0.0 StdDev: 0.0 Variance: 0.0
 Minimum: 0.0 Maximum: 0.0 Observations: 35
----------------------------------------------------------------------
----------------------------------------------------------------------

Report from observer q3 Observer 4
Statistics summary:
Queue length:
Average: 0.0 StdDev: 0.0 Variance: 0.0
 Minimum: 0.0 Maximum: 0.0 Observations: 35
----------------------------------------------------------------------
----------------------------------------------------------------------

Report from observer q4 Observer 5
Statistics summary:
Queue length:
Average: 0.0 StdDev: 0.0 Variance: 0.0
 Minimum: 0.0 Maximum: 0.0 Observations: 32
----------------------------------------------------------------------
----------------------------------------------------------------------

Report from observer Release Observer 1
Statistics summary:
Active state idle time (or inter-arrival time for Generate states):
Average: NaN StdDev: 0.0 Variance: 0.0
 Minimum: 3.4028235E38 Maximum: 0.0 Observations: 0
----------------------------------------------------------------------
----------------------------------------------------------------------

Report from observer q6 Observer 7
Statistics summary:
Queue length:
Average: 0.0 StdDev: 0.0 Variance: 0.0
 Minimum: 0.0 Maximum: 0.0 Observations: 29
----------------------------------------------------------------------
----------------------------------------------------------------------

Report from observer Developer queue Observer 1
Statistics summary:
Number of resources permanencing in queue:
Average: 25.594862 StdDev: 21.258198 Variance: 451.91095
 Minimum: 3.4028235E38 Maximum: 61.0 Observations: 61
----------------------------------------------------------------------
----------------------------------------------------------------------

Report from observer q11 Observer 12
Statistics summary:
Queue length:
Average: 0.0 StdDev: 0.0 Variance: 0.0
 Minimum: 0.0 Maximum: 0.0 Observations: 29
----------------------------------------------------------------------

          Histograms' report

Simulation Report End
