
                    Simulation Report

Simulation ended at time 5033.7324
Statistics collected from instant 0.0 during 5033.7324 time units.

          Observers' report
----------------------------------------------------------------------

Report from observer q9 Observer 10
Statistics summary:
Queue length:
Average: 0.0 StdDev: 0.0 Variance: 0.0
 Minimum: 0.0 Maximum: 0.0 Observations: 28
----------------------------------------------------------------------
----------------------------------------------------------------------

Report from observer Release planning Observer 1
Statistics summary:
Active state idle time (or inter-arrival time for Generate states):
Average: 158.727 StdDev: 0.0 Variance: 0.0
 Minimum: 3.4028235E38 Maximum: 158.727 Observations: 1
----------------------------------------------------------------------
----------------------------------------------------------------------

Report from observer Working software Observer 1
Statistics summary:
Active state idle time (or inter-arrival time for Generate states):
Average: 175.45784 StdDev: 187.31812 Variance: 35088.08
 Minimum: 100.37097 Maximum: 1118.727 Observations: 28
----------------------------------------------------------------------
----------------------------------------------------------------------

Report from observer q0 Observer 1
Statistics summary:
Queue length:
Average: 0.03153247 StdDev: 0.1865486 Variance: 0.034800384
 Minimum: 0.0 Maximum: 1.0 Observations: 35
----------------------------------------------------------------------
----------------------------------------------------------------------

Report from observer q10 Observer 11
Statistics summary:
Queue length:
Average: 0.0 StdDev: 0.0 Variance: 0.0
 Minimum: 0.0 Maximum: 0.0 Observations: 28
----------------------------------------------------------------------
----------------------------------------------------------------------

Report from observer q2 Observer 3
Statistics summary:
Queue length:
Average: 0.0 StdDev: 0.0 Variance: 0.0
 Minimum: 0.0 Maximum: 0.0 Observations: 35
----------------------------------------------------------------------
----------------------------------------------------------------------

Report from observer q5 Observer 6
Statistics summary:
Queue length:
Average: 0.0 StdDev: 0.0 Variance: 0.0
 Minimum: 0.0 Maximum: 0.0 Observations: 32
----------------------------------------------------------------------
----------------------------------------------------------------------

Report from observer Planning & development Observer 1
Statistics summary:
Active state idle time (or inter-arrival time for Generate states):
Average: NaN StdDev: 0.0 Variance: 0.0
 Minimum: 3.4028235E38 Maximum: 0.0 Observations: 0
----------------------------------------------------------------------
----------------------------------------------------------------------

Report from observer Iteration Observer 1
Statistics summary:
Active state idle time (or inter-arrival time for Generate states):
Average: NaN StdDev: 0.0 Variance: 0.0
 Minimum: 3.4028235E38 Maximum: 0.0 Observations: 0
----------------------------------------------------------------------
----------------------------------------------------------------------

Report from observer q7 Observer 8
Statistics summary:
Queue length:
Average: 0.0 StdDev: 0.0 Variance: 0.0
 Minimum: 0.0 Maximum: 0.0 Observations: 28
----------------------------------------------------------------------
----------------------------------------------------------------------

Report from observer Pair programming with test driven development Observer 1
Statistics summary:
Active state idle time (or inter-arrival time for Generate states):
Average: 638.726 StdDev: 0.0 Variance: 0.0
 Minimum: 3.4028235E38 Maximum: 638.726 Observations: 1
----------------------------------------------------------------------
----------------------------------------------------------------------

Report from observer q8 Observer 9
Statistics summary:
Queue length:
Average: 0.0 StdDev: 0.0 Variance: 0.0
 Minimum: 0.0 Maximum: 0.0 Observations: 28
----------------------------------------------------------------------
----------------------------------------------------------------------

Report from observer Software production Observer 1
Statistics summary:
Active state idle time (or inter-arrival time for Generate states):
Average: NaN StdDev: 0.0 Variance: 0.0
 Minimum: 3.4028235E38 Maximum: 0.0 Observations: 0
----------------------------------------------------------------------
----------------------------------------------------------------------

Report from observer Customer queue Observer 1
Statistics summary:
Number of resources permanencing in queue:
Average: 14.698327 StdDev: 8.9604435 Variance: 80.289536
 Minimum: 3.4028235E38 Maximum: 32.0 Observations: 32
----------------------------------------------------------------------
----------------------------------------------------------------------

Report from observer q1 Observer 2
Statistics summary:
Queue length:
Average: 0.0 StdDev: 0.0 Variance: 0.0
 Minimum: 0.0 Maximum: 0.0 Observations: 35
----------------------------------------------------------------------
----------------------------------------------------------------------

Report from observer q3 Observer 4
Statistics summary:
Queue length:
Average: 0.0 StdDev: 0.0 Variance: 0.0
 Minimum: 0.0 Maximum: 0.0 Observations: 35
----------------------------------------------------------------------
----------------------------------------------------------------------

Report from observer q4 Observer 5
Statistics summary:
Queue length:
Average: 0.0 StdDev: 0.0 Variance: 0.0
 Minimum: 0.0 Maximum: 0.0 Observations: 32
----------------------------------------------------------------------
----------------------------------------------------------------------

Report from observer Release Observer 1
Statistics summary:
Active state idle time (or inter-arrival time for Generate states):
Average: NaN StdDev: 0.0 Variance: 0.0
 Minimum: 3.4028235E38 Maximum: 0.0 Observations: 0
----------------------------------------------------------------------
----------------------------------------------------------------------

Report from observer q6 Observer 7
Statistics summary:
Queue length:
Average: 0.0 StdDev: 0.0 Variance: 0.0
 Minimum: 0.0 Maximum: 0.0 Observations: 28
----------------------------------------------------------------------
----------------------------------------------------------------------

Report from observer Developer queue Observer 1
Statistics summary:
Number of resources permanencing in queue:
Average: 25.59593 StdDev: 22.392437 Variance: 501.42123
 Minimum: 3.4028235E38 Maximum: 60.0 Observations: 60
----------------------------------------------------------------------
----------------------------------------------------------------------

Report from observer q11 Observer 12
Statistics summary:
Queue length:
Average: 0.0 StdDev: 0.0 Variance: 0.0
 Minimum: 0.0 Maximum: 0.0 Observations: 28
----------------------------------------------------------------------

          Histograms' report

Simulation Report End
