
                    Simulation Report

Simulation ended at time 5056.0103
Statistics collected from instant 0.0 during 5056.0103 time units.

          Observers' report
----------------------------------------------------------------------

Report from observer q9 Observer 10
Statistics summary:
Queue length:
Average: 0.0 StdDev: 0.0 Variance: 0.0
 Minimum: 0.0 Maximum: 0.0 Observations: 25
----------------------------------------------------------------------
----------------------------------------------------------------------

Report from observer Release planning Observer 1
Statistics summary:
Active state idle time (or inter-arrival time for Generate states):
Average: 173.85 StdDev: 0.0 Variance: 0.0
 Minimum: 3.4028235E38 Maximum: 173.85 Observations: 1
----------------------------------------------------------------------
----------------------------------------------------------------------

Report from observer Working software Observer 1
Statistics summary:
Active state idle time (or inter-arrival time for Generate states):
Average: 194.24042 StdDev: 197.50645 Variance: 39008.8
 Minimum: 101.95801 Maximum: 1133.849 Observations: 25
----------------------------------------------------------------------
----------------------------------------------------------------------

Report from observer q0 Observer 1
Statistics summary:
Queue length:
Average: 0.03438482 StdDev: 0.19144657 Variance: 0.03665179
 Minimum: 0.0 Maximum: 1.0 Observations: 31
----------------------------------------------------------------------
----------------------------------------------------------------------

Report from observer q10 Observer 11
Statistics summary:
Queue length:
Average: 0.0 StdDev: 0.0 Variance: 0.0
 Minimum: 0.0 Maximum: 0.0 Observations: 25
----------------------------------------------------------------------
----------------------------------------------------------------------

Report from observer q2 Observer 3
Statistics summary:
Queue length:
Average: 0.0 StdDev: 0.0 Variance: 0.0
 Minimum: 0.0 Maximum: 0.0 Observations: 31
----------------------------------------------------------------------
----------------------------------------------------------------------

Report from observer q5 Observer 6
Statistics summary:
Queue length:
Average: 0.0 StdDev: 0.0 Variance: 0.0
 Minimum: 0.0 Maximum: 0.0 Observations: 29
----------------------------------------------------------------------
----------------------------------------------------------------------

Report from observer Planning & development Observer 1
Statistics summary:
Active state idle time (or inter-arrival time for Generate states):
Average: NaN StdDev: 0.0 Variance: 0.0
 Minimum: 3.4028235E38 Maximum: 0.0 Observations: 0
----------------------------------------------------------------------
----------------------------------------------------------------------

Report from observer Iteration Observer 1
Statistics summary:
Active state idle time (or inter-arrival time for Generate states):
Average: NaN StdDev: 0.0 Variance: 0.0
 Minimum: 3.4028235E38 Maximum: 0.0 Observations: 0
----------------------------------------------------------------------
----------------------------------------------------------------------

Report from observer q7 Observer 8
Statistics summary:
Queue length:
Average: 0.0 StdDev: 0.0 Variance: 0.0
 Minimum: 0.0 Maximum: 0.0 Observations: 25
----------------------------------------------------------------------
----------------------------------------------------------------------

Report from observer Pair programming with test driven development Observer 1
Statistics summary:
Active state idle time (or inter-arrival time for Generate states):
Average: 653.85004 StdDev: 0.0 Variance: 0.0
 Minimum: 3.4028235E38 Maximum: 653.85004 Observations: 1
----------------------------------------------------------------------
----------------------------------------------------------------------

Report from observer q8 Observer 9
Statistics summary:
Queue length:
Average: 0.0 StdDev: 0.0 Variance: 0.0
 Minimum: 0.0 Maximum: 0.0 Observations: 25
----------------------------------------------------------------------
----------------------------------------------------------------------

Report from observer Software production Observer 1
Statistics summary:
Active state idle time (or inter-arrival time for Generate states):
Average: NaN StdDev: 0.0 Variance: 0.0
 Minimum: 3.4028235E38 Maximum: 0.0 Observations: 0
----------------------------------------------------------------------
----------------------------------------------------------------------

Report from observer Customer queue Observer 1
Statistics summary:
Number of resources permanencing in queue:
Average: 13.170631 StdDev: 7.8780613 Variance: 62.06385
 Minimum: 3.4028235E38 Maximum: 29.0 Observations: 29
----------------------------------------------------------------------
----------------------------------------------------------------------

Report from observer q1 Observer 2
Statistics summary:
Queue length:
Average: 0.0 StdDev: 0.0 Variance: 0.0
 Minimum: 0.0 Maximum: 0.0 Observations: 31
----------------------------------------------------------------------
----------------------------------------------------------------------

Report from observer q3 Observer 4
Statistics summary:
Queue length:
Average: 0.0 StdDev: 0.0 Variance: 0.0
 Minimum: 0.0 Maximum: 0.0 Observations: 31
----------------------------------------------------------------------
----------------------------------------------------------------------

Report from observer q4 Observer 5
Statistics summary:
Queue length:
Average: 0.0 StdDev: 0.0 Variance: 0.0
 Minimum: 0.0 Maximum: 0.0 Observations: 29
----------------------------------------------------------------------
----------------------------------------------------------------------

Report from observer Release Observer 1
Statistics summary:
Active state idle time (or inter-arrival time for Generate states):
Average: NaN StdDev: 0.0 Variance: 0.0
 Minimum: 3.4028235E38 Maximum: 0.0 Observations: 0
----------------------------------------------------------------------
----------------------------------------------------------------------

Report from observer q6 Observer 7
Statistics summary:
Queue length:
Average: 0.0 StdDev: 0.0 Variance: 0.0
 Minimum: 0.0 Maximum: 0.0 Observations: 25
----------------------------------------------------------------------
----------------------------------------------------------------------

Report from observer Developer queue Observer 1
Statistics summary:
Number of resources permanencing in queue:
Average: 22.800798 StdDev: 19.25555 Variance: 370.7762
 Minimum: 3.4028235E38 Maximum: 54.0 Observations: 54
----------------------------------------------------------------------
----------------------------------------------------------------------

Report from observer q11 Observer 12
Statistics summary:
Queue length:
Average: 0.0 StdDev: 0.0 Variance: 0.0
 Minimum: 0.0 Maximum: 0.0 Observations: 25
----------------------------------------------------------------------

          Histograms' report

Simulation Report End
