
                    Simulation Report

Simulation ended at time 5017.5054
Statistics collected from instant 0.0 during 5017.5054 time units.

          Observers' report
----------------------------------------------------------------------

Report from observer q9 Observer 10
Statistics summary:
Queue length:
Average: 0.0 StdDev: 0.0 Variance: 0.0
 Minimum: 0.0 Maximum: 0.0 Observations: 26
----------------------------------------------------------------------
----------------------------------------------------------------------

Report from observer Release planning Observer 1
Statistics summary:
Active state idle time (or inter-arrival time for Generate states):
Average: 164.524 StdDev: 0.0 Variance: 0.0
 Minimum: 3.4028235E38 Maximum: 164.524 Observations: 1
----------------------------------------------------------------------
----------------------------------------------------------------------

Report from observer Working software Observer 1
Statistics summary:
Active state idle time (or inter-arrival time for Generate states):
Average: 188.90009 StdDev: 192.91833 Variance: 37217.484
 Minimum: 102.0979 Maximum: 1124.524 Observations: 26
----------------------------------------------------------------------
----------------------------------------------------------------------

Report from observer q0 Observer 1
Statistics summary:
Queue length:
Average: 0.032789804 StdDev: 0.18548714 Variance: 0.034405477
 Minimum: 0.0 Maximum: 1.0 Observations: 32
----------------------------------------------------------------------
----------------------------------------------------------------------

Report from observer q10 Observer 11
Statistics summary:
Queue length:
Average: 0.0 StdDev: 0.0 Variance: 0.0
 Minimum: 0.0 Maximum: 0.0 Observations: 26
----------------------------------------------------------------------
----------------------------------------------------------------------

Report from observer q2 Observer 3
Statistics summary:
Queue length:
Average: 0.0 StdDev: 0.0 Variance: 0.0
 Minimum: 0.0 Maximum: 0.0 Observations: 32
----------------------------------------------------------------------
----------------------------------------------------------------------

Report from observer q5 Observer 6
Statistics summary:
Queue length:
Average: 0.0 StdDev: 0.0 Variance: 0.0
 Minimum: 0.0 Maximum: 0.0 Observations: 28
----------------------------------------------------------------------
----------------------------------------------------------------------

Report from observer Planning & development Observer 1
Statistics summary:
Active state idle time (or inter-arrival time for Generate states):
Average: NaN StdDev: 0.0 Variance: 0.0
 Minimum: 3.4028235E38 Maximum: 0.0 Observations: 0
----------------------------------------------------------------------
----------------------------------------------------------------------

Report from observer Iteration Observer 1
Statistics summary:
Active state idle time (or inter-arrival time for Generate states):
Average: NaN StdDev: 0.0 Variance: 0.0
 Minimum: 3.4028235E38 Maximum: 0.0 Observations: 0
----------------------------------------------------------------------
----------------------------------------------------------------------

Report from observer q7 Observer 8
Statistics summary:
Queue length:
Average: 0.0 StdDev: 0.0 Variance: 0.0
 Minimum: 0.0 Maximum: 0.0 Observations: 26
----------------------------------------------------------------------
----------------------------------------------------------------------

Report from observer Pair programming with test driven development Observer 1
Statistics summary:
Active state idle time (or inter-arrival time for Generate states):
Average: 644.523 StdDev: 0.0 Variance: 0.0
 Minimum: 3.4028235E38 Maximum: 644.523 Observations: 1
----------------------------------------------------------------------
----------------------------------------------------------------------

Report from observer q8 Observer 9
Statistics summary:
Queue length:
Average: 0.0 StdDev: 0.0 Variance: 0.0
 Minimum: 0.0 Maximum: 0.0 Observations: 26
----------------------------------------------------------------------
----------------------------------------------------------------------

Report from observer Software production Observer 1
Statistics summary:
Active state idle time (or inter-arrival time for Generate states):
Average: NaN StdDev: 0.0 Variance: 0.0
 Minimum: 3.4028235E38 Maximum: 0.0 Observations: 0
----------------------------------------------------------------------
----------------------------------------------------------------------

Report from observer Customer queue Observer 1
Statistics summary:
Number of resources permanencing in queue:
Average: 12.98334 StdDev: 8.416846 Variance: 70.84329
 Minimum: 3.4028235E38 Maximum: 28.0 Observations: 28
----------------------------------------------------------------------
----------------------------------------------------------------------

Report from observer q1 Observer 2
Statistics summary:
Queue length:
Average: 0.0 StdDev: 0.0 Variance: 0.0
 Minimum: 0.0 Maximum: 0.0 Observations: 32
----------------------------------------------------------------------
----------------------------------------------------------------------

Report from observer q3 Observer 4
Statistics summary:
Queue length:
Average: 0.0 StdDev: 0.0 Variance: 0.0
 Minimum: 0.0 Maximum: 0.0 Observations: 32
----------------------------------------------------------------------
----------------------------------------------------------------------

Report from observer q4 Observer 5
Statistics summary:
Queue length:
Average: 0.0 StdDev: 0.0 Variance: 0.0
 Minimum: 0.0 Maximum: 0.0 Observations: 28
----------------------------------------------------------------------
----------------------------------------------------------------------

Report from observer Release Observer 1
Statistics summary:
Active state idle time (or inter-arrival time for Generate states):
Average: NaN StdDev: 0.0 Variance: 0.0
 Minimum: 3.4028235E38 Maximum: 0.0 Observations: 0
----------------------------------------------------------------------
----------------------------------------------------------------------

Report from observer q6 Observer 7
Statistics summary:
Queue length:
Average: 0.0 StdDev: 0.0 Variance: 0.0
 Minimum: 0.0 Maximum: 0.0 Observations: 26
----------------------------------------------------------------------
----------------------------------------------------------------------

Report from observer Developer queue Observer 1
Statistics summary:
Number of resources permanencing in queue:
Average: 23.395666 StdDev: 19.566301 Variance: 382.84012
 Minimum: 3.4028235E38 Maximum: 54.0 Observations: 54
----------------------------------------------------------------------
----------------------------------------------------------------------

Report from observer q11 Observer 12
Statistics summary:
Queue length:
Average: 0.0 StdDev: 0.0 Variance: 0.0
 Minimum: 0.0 Maximum: 0.0 Observations: 26
----------------------------------------------------------------------

          Histograms' report

Simulation Report End
